<?xml version="1.0" encoding="UTF-8"?>
<!-- Generated by org.testng.reporters.JUnitReportReporter -->
<testsuite hostname="DESKTOP-80A4HDU" failures="0" tests="1" name="com.herokuapp.PositiveTests" time="10.877" errors="0" timestamp="2024-01-19T15:48:54 IST" skipped="0">
  <testcase classname="com.herokuapp.PositiveTests" name="login" time="10.877"/>
</testsuite> <!-- com.herokuapp.PositiveTests -->
