<?xml version="1.0" encoding="UTF-8"?>
<!-- Generated by org.testng.reporters.JUnitReportReporter -->
<testsuite hostname="DESKTOP-80A4HDU" failures="0" tests="1" name="com.herokuapp.PractiseTest" time="11.317" errors="0" timestamp="2024-01-19T15:48:54 IST" skipped="0">
  <testcase classname="com.herokuapp.PractiseTest" name="practice" time="11.317"/>
</testsuite> <!-- com.herokuapp.PractiseTest -->
