<?xml version="1.0" encoding="UTF-8"?>
<!-- Generated by org.testng.reporters.JUnitReportReporter -->
<testsuite hostname="DESKTOP-80A4HDU" failures="0" tests="1" name="com.herokuapp.NegativeTest" time="14.715" errors="0" timestamp="2024-01-19T15:48:54 IST" skipped="0">
  <testcase classname="com.herokuapp.NegativeTest" name="negativeTests" time="14.715"/>
</testsuite> <!-- com.herokuapp.NegativeTest -->
